0 info it worked if it ends with ok
1 verbose cli [ 'D:\\办公软件\\nodejs\\node.exe',
1 verbose cli   'C:\\Users\\Administrator\\AppData\\Roaming\\npm\\node_modules\\npm\\bin\\npm-cli.js',
1 verbose cli   'publish' ]
2 info using npm@3.8.8
3 info using node@v6.2.0
4 verbose publish [ '.' ]
5 silly cache add args [ '.', null ]
6 verbose cache add spec .
7 silly cache add parsed spec Result {
7 silly cache add   raw: '.',
7 silly cache add   scope: null,
7 silly cache add   name: null,
7 silly cache add   rawSpec: '.',
7 silly cache add   spec: 'F:\\git库\\kankan_module\\kk_cookie',
7 silly cache add   type: 'directory' }
8 verbose addLocalDirectory C:\Users\Administrator\AppData\Roaming\npm-cache\kk_cookie\1.0.0\package.tgz not in flight; packing
9 verbose correctMkdir C:\Users\Administrator\AppData\Roaming\npm-cache correctMkdir not in flight; initializing
10 info lifecycle kk_cookie@1.0.0~prepublish: kk_cookie@1.0.0
11 silly lifecycle kk_cookie@1.0.0~prepublish: no script for prepublish, continuing
12 verbose tar pack [ 'C:\\Users\\Administrator\\AppData\\Roaming\\npm-cache\\kk_cookie\\1.0.0\\package.tgz',
12 verbose tar pack   'F:\\git库\\kankan_module\\kk_cookie' ]
13 verbose tarball C:\Users\Administrator\AppData\Roaming\npm-cache\kk_cookie\1.0.0\package.tgz
14 verbose folder F:\git库\kankan_module\kk_cookie
15 verbose addLocalTarball adding from inside cache C:\Users\Administrator\AppData\Roaming\npm-cache\kk_cookie\1.0.0\package.tgz
16 verbose correctMkdir C:\Users\Administrator\AppData\Roaming\npm-cache correctMkdir not in flight; initializing
17 silly cache afterAdd kk_cookie@1.0.0
18 verbose afterAdd C:\Users\Administrator\AppData\Roaming\npm-cache\kk_cookie\1.0.0\package\package.json not in flight; writing
19 verbose correctMkdir C:\Users\Administrator\AppData\Roaming\npm-cache correctMkdir not in flight; initializing
20 verbose afterAdd C:\Users\Administrator\AppData\Roaming\npm-cache\kk_cookie\1.0.0\package\package.json written
21 silly publish { name: 'kk_cookie',
21 silly publish   version: '1.0.0',
21 silly publish   description: 'cookie操作',
21 silly publish   main: 'index.js',
21 silly publish   directories: { test: 'test' },
21 silly publish   scripts: { test: 'echo "Error: no test specified" && exit 1' },
21 silly publish   repository:
21 silly publish    { type: 'git',
21 silly publish      url: 'git+https://github.com/liuyuanquan/kk_module.git' },
21 silly publish   keywords: [ 'cookie' ],
21 silly publish   author: { name: '刘源泉', email: '522703297@qq.com' },
21 silly publish   readmeFilename: 'README.md',
21 silly publish   license: 'ISC',
21 silly publish   bugs: { url: 'https://github.com/liuyuanquan/kk_module/issues' },
21 silly publish   homepage: 'https://github.com/liuyuanquan/kk_module#readme',
21 silly publish   readme: 'ERROR: No README data found!',
21 silly publish   _id: 'kk_cookie@1.0.0',
21 silly publish   _shasum: 'e4b84e09a4506d36b4c503c09fc766f6f971e586',
21 silly publish   _from: '.' }
22 verbose getPublishConfig undefined
23 silly mapToRegistry name kk_cookie
24 silly mapToRegistry using default registry
25 silly mapToRegistry registry http://registry.npmjs.org/
26 silly mapToRegistry data Result {
26 silly mapToRegistry   raw: 'kk_cookie',
26 silly mapToRegistry   scope: null,
26 silly mapToRegistry   name: 'kk_cookie',
26 silly mapToRegistry   rawSpec: '',
26 silly mapToRegistry   spec: 'latest',
26 silly mapToRegistry   type: 'tag' }
27 silly mapToRegistry uri http://registry.npmjs.org/kk_cookie
28 verbose publish registryBase http://registry.npmjs.org/
29 silly publish uploading C:\Users\Administrator\AppData\Roaming\npm-cache\kk_cookie\1.0.0\package.tgz
30 verbose request uri http://registry.npmjs.org/kk_cookie
31 verbose request sending authorization for write operation
32 info attempt registry request try #1 at 16:42:52
33 verbose request using bearer token for auth
34 verbose request id aaab89cb3aff1c6b
35 http request PUT http://registry.npmjs.org/kk_cookie
36 http 403 http://registry.npmjs.org/kk_cookie
37 verbose headers { 'content-type': 'application/json',
37 verbose headers   'cache-control': 'max-age=300',
37 verbose headers   'content-length': '103',
37 verbose headers   'accept-ranges': 'bytes',
37 verbose headers   date: 'Fri, 28 Oct 2016 08:42:46 GMT',
37 verbose headers   via: '1.1 varnish',
37 verbose headers   connection: 'keep-alive',
37 verbose headers   'x-served-by': 'cache-lcy1132-LCY',
37 verbose headers   'x-cache': 'MISS',
37 verbose headers   'x-cache-hits': '0',
37 verbose headers   'x-timer': 'S1477644166.128168,VS0,VE679',
37 verbose headers   vary: 'Accept-Encoding' }
38 verbose request invalidating C:\Users\Administrator\AppData\Roaming\npm-cache\registry.npmjs.org\kk_cookie on PUT
39 error publish Failed PUT 403
40 verbose stack Error: you do not have permission to publish "kk_cookie". Are you logged in as the correct user? : kk_cookie
40 verbose stack     at makeError (C:\Users\Administrator\AppData\Roaming\npm\node_modules\npm\node_modules\npm-registry-client\lib\request.js:264:12)
40 verbose stack     at CachingRegistryClient.<anonymous> (C:\Users\Administrator\AppData\Roaming\npm\node_modules\npm\node_modules\npm-registry-client\lib\request.js:252:14)
40 verbose stack     at Request._callback (C:\Users\Administrator\AppData\Roaming\npm\node_modules\npm\node_modules\npm-registry-client\lib\request.js:172:14)
40 verbose stack     at Request.self.callback (C:\Users\Administrator\AppData\Roaming\npm\node_modules\npm\node_modules\request\request.js:200:22)
40 verbose stack     at emitTwo (events.js:106:13)
40 verbose stack     at Request.emit (events.js:191:7)
40 verbose stack     at Request.<anonymous> (C:\Users\Administrator\AppData\Roaming\npm\node_modules\npm\node_modules\request\request.js:1067:10)
40 verbose stack     at emitOne (events.js:101:20)
40 verbose stack     at Request.emit (events.js:188:7)
40 verbose stack     at IncomingMessage.<anonymous> (C:\Users\Administrator\AppData\Roaming\npm\node_modules\npm\node_modules\request\request.js:988:12)
41 verbose statusCode 403
42 verbose pkgid kk_cookie
43 verbose cwd F:\git库\kankan_module\kk_cookie
44 error Windows_NT 10.0.10586
45 error argv "D:\\办公软件\\nodejs\\node.exe" "C:\\Users\\Administrator\\AppData\\Roaming\\npm\\node_modules\\npm\\bin\\npm-cli.js" "publish"
46 error node v6.2.0
47 error npm  v3.8.8
48 error code E403
49 error you do not have permission to publish "kk_cookie". Are you logged in as the correct user? : kk_cookie
50 error If you need help, you may report this error at:
50 error     <https://github.com/npm/npm/issues>
51 verbose exit [ 1, true ]
